\BOOKMARK [0][-]{toc.0}{Table of Contents}{}% 1
\BOOKMARK [0][-]{Hilfszaehler.2}{List of Figures}{}% 2
\BOOKMARK [0][-]{Hilfszaehler.3}{List of Tables}{}% 3
\BOOKMARK [0][-]{chapter.1}{Introduction}{}% 4
\BOOKMARK [0][-]{chapter.2}{Theoretical Background}{}% 5
\BOOKMARK [1][-]{section.2.1}{Musical Abilities}{chapter.2}% 6
\BOOKMARK [2][-]{subsection.2.1.1}{Definition}{section.2.1}% 7
\BOOKMARK [2][-]{subsection.2.1.2}{Measuring Musical Abilities}{section.2.1}% 8
\BOOKMARK [2][-]{subsection.2.1.3}{Development of Musical Abilities}{section.2.1}% 9
\BOOKMARK [1][-]{section.2.2}{Aging}{chapter.2}% 10
\BOOKMARK [2][-]{subsection.2.2.1}{Music and Aging}{section.2.2}% 11
\BOOKMARK [2][-]{subsection.2.2.2}{Learning and Aging}{section.2.2}% 12
\BOOKMARK [1][-]{section.2.3}{Aims/Hypothesis}{chapter.2}% 13
\BOOKMARK [0][-]{chapter.3}{Methods}{}% 14
\BOOKMARK [1][-]{section.3.1}{Study Design}{chapter.3}% 15
\BOOKMARK [1][-]{section.3.2}{Evaluation of Piano Performance}{chapter.3}% 16
\BOOKMARK [1][-]{section.3.3}{Statistics}{chapter.3}% 17
\BOOKMARK [0][-]{chapter.4}{Results}{}% 18
\BOOKMARK [1][-]{section.4.1}{Rater System}{chapter.4}% 19
\BOOKMARK [1][-]{section.4.2}{Piano Progress}{chapter.4}% 20
\BOOKMARK [1][-]{section.4.3}{One General Musicality Factor}{chapter.4}% 21
\BOOKMARK [0][-]{chapter.5}{Discussion}{}% 22
\BOOKMARK [0][-]{chapter.6}{Summary and Outlook}{}% 23
\BOOKMARK [0][-]{Hilfszaehler.4}{Bibliography}{}% 24
\BOOKMARK [0][-]{appendix.A}{Appendix}{}% 25
\BOOKMARK [1][-]{section.A.1}{Ode to Joy Sheets}{appendix.A}% 26
\BOOKMARK [1][-]{section.A.2}{First Six Months Curriculum for Playing Piano}{appendix.A}% 27
\BOOKMARK [1][-]{section.A.3}{Possible Predictor Tables}{appendix.A}% 28
